C:\USERS\ALOISIUS\DOCUMENTS\VISUAL STUDIO 2012\PROJECTS\MPI_APPS\WAVECLUSTERMPI\RELEASE\WAVECA.OBJ
C:\USERS\ALOISIUS\DOCUMENTS\VISUAL STUDIO 2012\PROJECTS\MPI_APPS\WAVECLUSTERMPI\RELEASE\MAIN.OBJ
C:\USERS\ALOISIUS\DOCUMENTS\VISUAL STUDIO 2012\PROJECTS\MPI_APPS\RELEASE\WAVECLUSTERMPI.EXE
C:\USERS\ALOISIUS\DOCUMENTS\VISUAL STUDIO 2012\PROJECTS\MPI_APPS\RELEASE\WAVECLUSTERMPI.PDB
C:\Users\Aloisius\Documents\Visual Studio 2012\Projects\MPI_Apps\WaveClusterMPI\Release\Main.obj
C:\Users\Aloisius\Documents\Visual Studio 2012\Projects\MPI_Apps\WaveClusterMPI\Release\WaveCA.obj
C:\Users\Aloisius\Documents\Visual Studio 2012\Projects\MPI_Apps\WaveClusterMPI\Release\cl.command.1.tlog
C:\Users\Aloisius\Documents\Visual Studio 2012\Projects\MPI_Apps\WaveClusterMPI\Release\CL.read.1.tlog
C:\Users\Aloisius\Documents\Visual Studio 2012\Projects\MPI_Apps\WaveClusterMPI\Release\CL.write.1.tlog
C:\Users\Aloisius\Documents\Visual Studio 2012\Projects\MPI_Apps\WaveClusterMPI\Release\link-cvtres.read.1.tlog
C:\Users\Aloisius\Documents\Visual Studio 2012\Projects\MPI_Apps\WaveClusterMPI\Release\link-cvtres.write.1.tlog
C:\Users\Aloisius\Documents\Visual Studio 2012\Projects\MPI_Apps\WaveClusterMPI\Release\link-rc.read.1.tlog
C:\Users\Aloisius\Documents\Visual Studio 2012\Projects\MPI_Apps\WaveClusterMPI\Release\link-rc.write.1.tlog
C:\Users\Aloisius\Documents\Visual Studio 2012\Projects\MPI_Apps\WaveClusterMPI\Release\link.command.1.tlog
C:\Users\Aloisius\Documents\Visual Studio 2012\Projects\MPI_Apps\WaveClusterMPI\Release\link.read.1.tlog
C:\Users\Aloisius\Documents\Visual Studio 2012\Projects\MPI_Apps\WaveClusterMPI\Release\link.read.2.tlog
C:\Users\Aloisius\Documents\Visual Studio 2012\Projects\MPI_Apps\WaveClusterMPI\Release\link.write.1.tlog
C:\Users\Aloisius\Documents\Visual Studio 2012\Projects\MPI_Apps\WaveClusterMPI\Release\vc110.pdb
C:\Users\Aloisius\Documents\Visual Studio 2012\Projects\MPI_Apps\Release\WaveClusterMPI.pdb
C:\Users\Aloisius\Documents\Visual Studio 2012\Projects\MPI_Apps\Release\WaveClusterMPI.exe
