Build started 29/05/2015 10.51.32.
     1>Project "C:\Users\olive_000\Documents\Visual Studio 2012\Projects\MPI_Apps\WaveClusterMPI\WaveClusterMPI.vcxproj" on node 2 (Build target(s)).
     1>ClCompile:
         C:\Program Files (x86)\Microsoft Visual Studio 11.0\VC\bin\CL.exe /c /I"..\..\opencal\OpenCAL-GL\include" /I..\..\opencal\OpenCAL\include /I"..\..\opencal\pthread\Pre-built.2\include" /I"C:\Program Files\Microsoft HPC Pack 2012\Inc" /I"..\..\opencal\freeglut-2.8.1\include" /Zi /nologo /W3 /WX- /O2 /Oi /Oy- /GL /D _MBCS /Gm- /EHsc /MD /GS /Gy /fp:precise /Zc:wchar_t /Zc:forScope /Fo"Release\\" /Fd"Release\vc110.pdb" /Gd /TC /analyze- /errorReport:prompt Main.c WaveCA.c
         Main.c
     1>Main.c(203): warning C4996: 'fscanf': This function or variable may be unsafe. Consider using fscanf_s instead. To disable deprecation, use _CRT_SECURE_NO_WARNINGS. See online help for details.
                 C:\Program Files (x86)\Microsoft Visual Studio 11.0\VC\include\stdio.h(237) : see declaration of 'fscanf'
     1>Main.c(204): warning C4996: 'fscanf': This function or variable may be unsafe. Consider using fscanf_s instead. To disable deprecation, use _CRT_SECURE_NO_WARNINGS. See online help for details.
                 C:\Program Files (x86)\Microsoft Visual Studio 11.0\VC\include\stdio.h(237) : see declaration of 'fscanf'
     1>Main.c(207): warning C4996: 'fscanf': This function or variable may be unsafe. Consider using fscanf_s instead. To disable deprecation, use _CRT_SECURE_NO_WARNINGS. See online help for details.
                 C:\Program Files (x86)\Microsoft Visual Studio 11.0\VC\include\stdio.h(237) : see declaration of 'fscanf'
     1>Main.c(208): warning C4996: 'fscanf': This function or variable may be unsafe. Consider using fscanf_s instead. To disable deprecation, use _CRT_SECURE_NO_WARNINGS. See online help for details.
                 C:\Program Files (x86)\Microsoft Visual Studio 11.0\VC\include\stdio.h(237) : see declaration of 'fscanf'
     1>Main.c(212): warning C4996: 'fscanf': This function or variable may be unsafe. Consider using fscanf_s instead. To disable deprecation, use _CRT_SECURE_NO_WARNINGS. See online help for details.
                 C:\Program Files (x86)\Microsoft Visual Studio 11.0\VC\include\stdio.h(237) : see declaration of 'fscanf'
     1>Main.c(213): warning C4996: 'fscanf': This function or variable may be unsafe. Consider using fscanf_s instead. To disable deprecation, use _CRT_SECURE_NO_WARNINGS. See online help for details.
                 C:\Program Files (x86)\Microsoft Visual Studio 11.0\VC\include\stdio.h(237) : see declaration of 'fscanf'
     1>Main.c(217): warning C4996: 'fscanf': This function or variable may be unsafe. Consider using fscanf_s instead. To disable deprecation, use _CRT_SECURE_NO_WARNINGS. See online help for details.
                 C:\Program Files (x86)\Microsoft Visual Studio 11.0\VC\include\stdio.h(237) : see declaration of 'fscanf'
     1>Main.c(218): warning C4996: 'fscanf': This function or variable may be unsafe. Consider using fscanf_s instead. To disable deprecation, use _CRT_SECURE_NO_WARNINGS. See online help for details.
                 C:\Program Files (x86)\Microsoft Visual Studio 11.0\VC\include\stdio.h(237) : see declaration of 'fscanf'
     1>Main.c(221): warning C4996: 'fscanf': This function or variable may be unsafe. Consider using fscanf_s instead. To disable deprecation, use _CRT_SECURE_NO_WARNINGS. See online help for details.
                 C:\Program Files (x86)\Microsoft Visual Studio 11.0\VC\include\stdio.h(237) : see declaration of 'fscanf'
     1>Main.c(222): warning C4996: 'fscanf': This function or variable may be unsafe. Consider using fscanf_s instead. To disable deprecation, use _CRT_SECURE_NO_WARNINGS. See online help for details.
                 C:\Program Files (x86)\Microsoft Visual Studio 11.0\VC\include\stdio.h(237) : see declaration of 'fscanf'
     1>Main.c(226): warning C4996: 'fscanf': This function or variable may be unsafe. Consider using fscanf_s instead. To disable deprecation, use _CRT_SECURE_NO_WARNINGS. See online help for details.
                 C:\Program Files (x86)\Microsoft Visual Studio 11.0\VC\include\stdio.h(237) : see declaration of 'fscanf'
     1>Main.c(227): warning C4996: 'fscanf': This function or variable may be unsafe. Consider using fscanf_s instead. To disable deprecation, use _CRT_SECURE_NO_WARNINGS. See online help for details.
                 C:\Program Files (x86)\Microsoft Visual Studio 11.0\VC\include\stdio.h(237) : see declaration of 'fscanf'
     1>Main.c(230): warning C4996: 'fscanf': This function or variable may be unsafe. Consider using fscanf_s instead. To disable deprecation, use _CRT_SECURE_NO_WARNINGS. See online help for details.
                 C:\Program Files (x86)\Microsoft Visual Studio 11.0\VC\include\stdio.h(237) : see declaration of 'fscanf'
     1>Main.c(231): warning C4996: 'fscanf': This function or variable may be unsafe. Consider using fscanf_s instead. To disable deprecation, use _CRT_SECURE_NO_WARNINGS. See online help for details.
                 C:\Program Files (x86)\Microsoft Visual Studio 11.0\VC\include\stdio.h(237) : see declaration of 'fscanf'
     1>Main.c(234): warning C4996: 'fscanf': This function or variable may be unsafe. Consider using fscanf_s instead. To disable deprecation, use _CRT_SECURE_NO_WARNINGS. See online help for details.
                 C:\Program Files (x86)\Microsoft Visual Studio 11.0\VC\include\stdio.h(237) : see declaration of 'fscanf'
     1>Main.c(238): warning C4996: 'fscanf': This function or variable may be unsafe. Consider using fscanf_s instead. To disable deprecation, use _CRT_SECURE_NO_WARNINGS. See online help for details.
                 C:\Program Files (x86)\Microsoft Visual Studio 11.0\VC\include\stdio.h(237) : see declaration of 'fscanf'
     1>Main.c(251): warning C4996: 'strset': The POSIX name for this item is deprecated. Instead, use the ISO C++ conformant name: _strset. See online help for details.
     1>Main.c(252): warning C4996: 'strcat': This function or variable may be unsafe. Consider using strcat_s instead. To disable deprecation, use _CRT_SECURE_NO_WARNINGS. See online help for details.
     1>Main.c(253): warning C4996: 'strcat': This function or variable may be unsafe. Consider using strcat_s instead. To disable deprecation, use _CRT_SECURE_NO_WARNINGS. See online help for details.
     1>Main.c(254): warning C4996: 'strcat': This function or variable may be unsafe. Consider using strcat_s instead. To disable deprecation, use _CRT_SECURE_NO_WARNINGS. See online help for details.
     1>Main.c(405): warning C4244: '=' : conversion from 'CALreal' to 'float', possible loss of data
     1>Main.c(410): warning C4244: '=' : conversion from 'CALreal' to 'float', possible loss of data
     1>Main.c(415): warning C4244: '=' : conversion from 'CALreal' to 'float', possible loss of data
     1>Main.c(420): warning C4244: '=' : conversion from 'CALreal' to 'float', possible loss of data
     1>Main.c(425): warning C4244: '=' : conversion from 'CALreal' to 'float', possible loss of data
     1>Main.c(430): warning C4244: '=' : conversion from 'CALreal' to 'float', possible loss of data
     1>Main.c(435): warning C4244: '=' : conversion from 'CALreal' to 'float', possible loss of data
     1>Main.c(440): warning C4244: '=' : conversion from 'CALreal' to 'float', possible loss of data
         WaveCA.c
     1>WaveCA.c(32): warning C4101: 'n' : unreferenced local variable
       Link:
         C:\Program Files (x86)\Microsoft Visual Studio 11.0\VC\bin\link.exe /ERRORREPORT:PROMPT /OUT:"C:\Users\olive_000\Documents\Visual Studio 2012\Projects\MPI_Apps\Release\WaveClusterMPI.exe" /NOLOGO /LIBPATH:"..\..\opencal\OpenCAL-GL\lib" /LIBPATH:..\..\opencal\OpenCAL\lib /LIBPATH:"..\..\opencal\pthread\Pre-built.2\lib\x86" /LIBPATH:"C:\Program Files\Microsoft HPC Pack 2012\Lib\i386" /LIBPATH:"..\..\opencal\freeglut-2.8.1\lib" msmpi.lib pthreadVC2.lib OpenCAL.lib "OpenCAL-GL.lib" kernel32.lib user32.lib gdi32.lib winspool.lib comdlg32.lib advapi32.lib shell32.lib ole32.lib oleaut32.lib uuid.lib odbc32.lib odbccp32.lib /MANIFEST /MANIFESTUAC:"level='asInvoker' uiAccess='false'" /manifest:embed /DEBUG /PDB:"C:\Users\olive_000\Documents\Visual Studio 2012\Projects\MPI_Apps\Release\WaveClusterMPI.pdb" /OPT:REF /OPT:ICF /LTCG /TLBID:1 /DYNAMICBASE /NXCOMPAT /IMPLIB:"C:\Users\olive_000\Documents\Visual Studio 2012\Projects\MPI_Apps\Release\WaveClusterMPI.lib" /MACHINE:X86 /SAFESEH Release\Main.obj
         Release\MpiGlTest2.obj
         Release\MpiGlTest.obj
         Release\WaveCA.obj
     1>LINK : warning LNK4098: defaultlib 'LIBCMT' conflicts with use of other libs; use /NODEFAULTLIB:library
         Generating code
     1>c:\users\olive_000\documents\visual studio 2012\projects\opencal\opencal\source\cal3d.c(593): warning C4716: 'calApplyElementaryProcess3D' : must return a value
     1>c:\users\olive_000\documents\visual studio 2012\projects\opencal\opencal\source\cal2d.c(658): warning C4716: 'calApplyElementaryProcess2D' : must return a value
         Finished generating code
     1>freeglut_static.lib(freeglut_window.obj) : warning LNK4099: PDB 'vc110.pdb' was not found with 'freeglut_static.lib(freeglut_window.obj)' or at 'C:\Users\olive_000\Documents\Visual Studio 2012\Projects\MPI_Apps\Release\vc110.pdb'; linking object as if no debug info
     1>freeglut_static.lib(freeglut_init.obj) : warning LNK4099: PDB 'vc110.pdb' was not found with 'freeglut_static.lib(freeglut_init.obj)' or at 'C:\Users\olive_000\Documents\Visual Studio 2012\Projects\MPI_Apps\Release\vc110.pdb'; linking object as if no debug info
     1>freeglut_static.lib(freeglut_callbacks.obj) : warning LNK4099: PDB 'vc110.pdb' was not found with 'freeglut_static.lib(freeglut_callbacks.obj)' or at 'C:\Users\olive_000\Documents\Visual Studio 2012\Projects\MPI_Apps\Release\vc110.pdb'; linking object as if no debug info
     1>freeglut_static.lib(freeglut_geometry.obj) : warning LNK4099: PDB 'vc110.pdb' was not found with 'freeglut_static.lib(freeglut_geometry.obj)' or at 'C:\Users\olive_000\Documents\Visual Studio 2012\Projects\MPI_Apps\Release\vc110.pdb'; linking object as if no debug info
     1>freeglut_static.lib(freeglut_display.obj) : warning LNK4099: PDB 'vc110.pdb' was not found with 'freeglut_static.lib(freeglut_display.obj)' or at 'C:\Users\olive_000\Documents\Visual Studio 2012\Projects\MPI_Apps\Release\vc110.pdb'; linking object as if no debug info
     1>freeglut_static.lib(freeglut_main.obj) : warning LNK4099: PDB 'vc110.pdb' was not found with 'freeglut_static.lib(freeglut_main.obj)' or at 'C:\Users\olive_000\Documents\Visual Studio 2012\Projects\MPI_Apps\Release\vc110.pdb'; linking object as if no debug info
     1>freeglut_static.lib(freeglut_font.obj) : warning LNK4099: PDB 'vc110.pdb' was not found with 'freeglut_static.lib(freeglut_font.obj)' or at 'C:\Users\olive_000\Documents\Visual Studio 2012\Projects\MPI_Apps\Release\vc110.pdb'; linking object as if no debug info
     1>freeglut_static.lib(freeglut_structure.obj) : warning LNK4099: PDB 'vc110.pdb' was not found with 'freeglut_static.lib(freeglut_structure.obj)' or at 'C:\Users\olive_000\Documents\Visual Studio 2012\Projects\MPI_Apps\Release\vc110.pdb'; linking object as if no debug info
     1>freeglut_static.lib(freeglut_state.obj) : warning LNK4099: PDB 'vc110.pdb' was not found with 'freeglut_static.lib(freeglut_state.obj)' or at 'C:\Users\olive_000\Documents\Visual Studio 2012\Projects\MPI_Apps\Release\vc110.pdb'; linking object as if no debug info
     1>freeglut_static.lib(freeglut_gamemode.obj) : warning LNK4099: PDB 'vc110.pdb' was not found with 'freeglut_static.lib(freeglut_gamemode.obj)' or at 'C:\Users\olive_000\Documents\Visual Studio 2012\Projects\MPI_Apps\Release\vc110.pdb'; linking object as if no debug info
     1>freeglut_static.lib(freeglut_input_devices.obj) : warning LNK4099: PDB 'vc110.pdb' was not found with 'freeglut_static.lib(freeglut_input_devices.obj)' or at 'C:\Users\olive_000\Documents\Visual Studio 2012\Projects\MPI_Apps\Release\vc110.pdb'; linking object as if no debug info
     1>freeglut_static.lib(freeglut_joystick.obj) : warning LNK4099: PDB 'vc110.pdb' was not found with 'freeglut_static.lib(freeglut_joystick.obj)' or at 'C:\Users\olive_000\Documents\Visual Studio 2012\Projects\MPI_Apps\Release\vc110.pdb'; linking object as if no debug info
     1>freeglut_static.lib(freeglut_spaceball.obj) : warning LNK4099: PDB 'vc110.pdb' was not found with 'freeglut_static.lib(freeglut_spaceball.obj)' or at 'C:\Users\olive_000\Documents\Visual Studio 2012\Projects\MPI_Apps\Release\vc110.pdb'; linking object as if no debug info
     1>freeglut_static.lib(freeglut_cursor.obj) : warning LNK4099: PDB 'vc110.pdb' was not found with 'freeglut_static.lib(freeglut_cursor.obj)' or at 'C:\Users\olive_000\Documents\Visual Studio 2012\Projects\MPI_Apps\Release\vc110.pdb'; linking object as if no debug info
     1>freeglut_static.lib(freeglut_menu.obj) : warning LNK4099: PDB 'vc110.pdb' was not found with 'freeglut_static.lib(freeglut_menu.obj)' or at 'C:\Users\olive_000\Documents\Visual Studio 2012\Projects\MPI_Apps\Release\vc110.pdb'; linking object as if no debug info
     1>freeglut_static.lib(freeglut_font_data.obj) : warning LNK4099: PDB 'vc110.pdb' was not found with 'freeglut_static.lib(freeglut_font_data.obj)' or at 'C:\Users\olive_000\Documents\Visual Studio 2012\Projects\MPI_Apps\Release\vc110.pdb'; linking object as if no debug info
     1>freeglut_static.lib(freeglut_stroke_roman.obj) : warning LNK4099: PDB 'vc110.pdb' was not found with 'freeglut_static.lib(freeglut_stroke_roman.obj)' or at 'C:\Users\olive_000\Documents\Visual Studio 2012\Projects\MPI_Apps\Release\vc110.pdb'; linking object as if no debug info
     1>freeglut_static.lib(freeglut_stroke_mono_roman.obj) : warning LNK4099: PDB 'vc110.pdb' was not found with 'freeglut_static.lib(freeglut_stroke_mono_roman.obj)' or at 'C:\Users\olive_000\Documents\Visual Studio 2012\Projects\MPI_Apps\Release\vc110.pdb'; linking object as if no debug info
         WaveClusterMPI.vcxproj -> C:\Users\olive_000\Documents\Visual Studio 2012\Projects\MPI_Apps\Release\WaveClusterMPI.exe
     1>Done Building Project "C:\Users\olive_000\Documents\Visual Studio 2012\Projects\MPI_Apps\WaveClusterMPI\WaveClusterMPI.vcxproj" (Build target(s)).

Build succeeded.

Time Elapsed 00:00:02.43
