C:\USERS\ALOISIUS\DOCUMENTS\VISUAL STUDIO 2012\PROJECTS\MPI_APPS\MPI_APPS\RELEASE\SUM_VECT_SCATTERING.OBJ
C:\USERS\ALOISIUS\DOCUMENTS\VISUAL STUDIO 2012\PROJECTS\MPI_APPS\MPI_APPS\RELEASE\SUM_VECT.OBJ
C:\USERS\ALOISIUS\DOCUMENTS\VISUAL STUDIO 2012\PROJECTS\MPI_APPS\MPI_APPS\RELEASE\SUMVECTORDYNAMICALLOCATION.OBJ
C:\USERS\ALOISIUS\DOCUMENTS\VISUAL STUDIO 2012\PROJECTS\MPI_APPS\MPI_APPS\RELEASE\PINGPONG.OBJ
C:\USERS\ALOISIUS\DOCUMENTS\VISUAL STUDIO 2012\PROJECTS\MPI_APPS\MPI_APPS\RELEASE\NUMERICALINTEGRATION.OBJ
C:\USERS\ALOISIUS\DOCUMENTS\VISUAL STUDIO 2012\PROJECTS\MPI_APPS\MPI_APPS\RELEASE\VC110.PDB
C:\USERS\ALOISIUS\DOCUMENTS\VISUAL STUDIO 2012\PROJECTS\MPI_APPS\RELEASE\MPI_APPS.EXE
C:\USERS\ALOISIUS\DOCUMENTS\VISUAL STUDIO 2012\PROJECTS\MPI_APPS\RELEASE\MPI_APPS.PDB
C:\Users\Aloisius\Documents\Visual Studio 2012\Projects\MPI_Apps\MPI_Apps\Release\hello.obj
C:\Users\Aloisius\Documents\Visual Studio 2012\Projects\MPI_Apps\MPI_Apps\Release\NumericalIntegration.obj
C:\Users\Aloisius\Documents\Visual Studio 2012\Projects\MPI_Apps\MPI_Apps\Release\PingPong.obj
C:\Users\Aloisius\Documents\Visual Studio 2012\Projects\MPI_Apps\MPI_Apps\Release\SumVectorDynamicAllocation.obj
C:\Users\Aloisius\Documents\Visual Studio 2012\Projects\MPI_Apps\MPI_Apps\Release\sum_vect.obj
C:\Users\Aloisius\Documents\Visual Studio 2012\Projects\MPI_Apps\MPI_Apps\Release\sum_vect_scattering.obj
C:\Users\Aloisius\Documents\Visual Studio 2012\Projects\MPI_Apps\MPI_Apps\Release\cl.command.1.tlog
C:\Users\Aloisius\Documents\Visual Studio 2012\Projects\MPI_Apps\MPI_Apps\Release\CL.read.1.tlog
C:\Users\Aloisius\Documents\Visual Studio 2012\Projects\MPI_Apps\MPI_Apps\Release\CL.write.1.tlog
C:\Users\Aloisius\Documents\Visual Studio 2012\Projects\MPI_Apps\MPI_Apps\Release\link-cvtres.read.1.tlog
C:\Users\Aloisius\Documents\Visual Studio 2012\Projects\MPI_Apps\MPI_Apps\Release\link-cvtres.write.1.tlog
C:\Users\Aloisius\Documents\Visual Studio 2012\Projects\MPI_Apps\MPI_Apps\Release\link-rc.read.1.tlog
C:\Users\Aloisius\Documents\Visual Studio 2012\Projects\MPI_Apps\MPI_Apps\Release\link-rc.write.1.tlog
C:\Users\Aloisius\Documents\Visual Studio 2012\Projects\MPI_Apps\MPI_Apps\Release\link.command.1.tlog
C:\Users\Aloisius\Documents\Visual Studio 2012\Projects\MPI_Apps\MPI_Apps\Release\link.read.1.tlog
C:\Users\Aloisius\Documents\Visual Studio 2012\Projects\MPI_Apps\MPI_Apps\Release\link.write.1.tlog
C:\Users\Aloisius\Documents\Visual Studio 2012\Projects\MPI_Apps\MPI_Apps\Release\vc110.pdb
C:\Users\Aloisius\Documents\Visual Studio 2012\Projects\MPI_Apps\Release\MPI_Apps.pdb
C:\Users\Aloisius\Documents\Visual Studio 2012\Projects\MPI_Apps\Release\MPI_Apps.exe
