C:\USERS\ALOISIUS\DOCUMENTS\VISUAL STUDIO 2012\PROJECTS\MPI_APPS\LIFEMPI\RELEASE\LIFECA.OBJ
C:\USERS\ALOISIUS\DOCUMENTS\VISUAL STUDIO 2012\PROJECTS\MPI_APPS\LIFEMPI\RELEASE\MAIN.OBJ
C:\USERS\ALOISIUS\DOCUMENTS\VISUAL STUDIO 2012\PROJECTS\MPI_APPS\LIFEMPI\RELEASE\VC110.PDB
C:\USERS\ALOISIUS\DOCUMENTS\VISUAL STUDIO 2012\PROJECTS\MPI_APPS\RELEASE\LIFEMPI.EXE
C:\USERS\ALOISIUS\DOCUMENTS\VISUAL STUDIO 2012\PROJECTS\MPI_APPS\RELEASE\LIFEMPI.PDB
C:\Users\Aloisius\Documents\Visual Studio 2012\Projects\MPI_Apps\LifeMPI\Release\LifeCA.obj
C:\Users\Aloisius\Documents\Visual Studio 2012\Projects\MPI_Apps\LifeMPI\Release\Main.obj
C:\Users\Aloisius\Documents\Visual Studio 2012\Projects\MPI_Apps\LifeMPI\Release\cl.command.1.tlog
C:\Users\Aloisius\Documents\Visual Studio 2012\Projects\MPI_Apps\LifeMPI\Release\CL.read.1.tlog
C:\Users\Aloisius\Documents\Visual Studio 2012\Projects\MPI_Apps\LifeMPI\Release\CL.write.1.tlog
C:\Users\Aloisius\Documents\Visual Studio 2012\Projects\MPI_Apps\LifeMPI\Release\link-cvtres.read.1.tlog
C:\Users\Aloisius\Documents\Visual Studio 2012\Projects\MPI_Apps\LifeMPI\Release\link-cvtres.write.1.tlog
C:\Users\Aloisius\Documents\Visual Studio 2012\Projects\MPI_Apps\LifeMPI\Release\link-rc.read.1.tlog
C:\Users\Aloisius\Documents\Visual Studio 2012\Projects\MPI_Apps\LifeMPI\Release\link-rc.write.1.tlog
C:\Users\Aloisius\Documents\Visual Studio 2012\Projects\MPI_Apps\LifeMPI\Release\link.command.1.tlog
C:\Users\Aloisius\Documents\Visual Studio 2012\Projects\MPI_Apps\LifeMPI\Release\link.read.1.tlog
C:\Users\Aloisius\Documents\Visual Studio 2012\Projects\MPI_Apps\LifeMPI\Release\link.read.2.tlog
C:\Users\Aloisius\Documents\Visual Studio 2012\Projects\MPI_Apps\LifeMPI\Release\link.write.1.tlog
C:\Users\Aloisius\Documents\Visual Studio 2012\Projects\MPI_Apps\LifeMPI\Release\vc110.pdb
C:\Users\Aloisius\Documents\Visual Studio 2012\Projects\MPI_Apps\Release\LifeMPI.pdb
C:\Users\Aloisius\Documents\Visual Studio 2012\Projects\MPI_Apps\Release\LifeMPI.exe
