  Main.c
Main.c(203): warning C4996: 'fscanf': This function or variable may be unsafe. Consider using fscanf_s instead. To disable deprecation, use _CRT_SECURE_NO_WARNINGS. See online help for details.
          C:\Program Files (x86)\Microsoft Visual Studio 11.0\VC\include\stdio.h(237) : see declaration of 'fscanf'
Main.c(204): warning C4996: 'fscanf': This function or variable may be unsafe. Consider using fscanf_s instead. To disable deprecation, use _CRT_SECURE_NO_WARNINGS. See online help for details.
          C:\Program Files (x86)\Microsoft Visual Studio 11.0\VC\include\stdio.h(237) : see declaration of 'fscanf'
Main.c(207): warning C4996: 'fscanf': This function or variable may be unsafe. Consider using fscanf_s instead. To disable deprecation, use _CRT_SECURE_NO_WARNINGS. See online help for details.
          C:\Program Files (x86)\Microsoft Visual Studio 11.0\VC\include\stdio.h(237) : see declaration of 'fscanf'
Main.c(208): warning C4996: 'fscanf': This function or variable may be unsafe. Consider using fscanf_s instead. To disable deprecation, use _CRT_SECURE_NO_WARNINGS. See online help for details.
          C:\Program Files (x86)\Microsoft Visual Studio 11.0\VC\include\stdio.h(237) : see declaration of 'fscanf'
Main.c(212): warning C4996: 'fscanf': This function or variable may be unsafe. Consider using fscanf_s instead. To disable deprecation, use _CRT_SECURE_NO_WARNINGS. See online help for details.
          C:\Program Files (x86)\Microsoft Visual Studio 11.0\VC\include\stdio.h(237) : see declaration of 'fscanf'
Main.c(213): warning C4996: 'fscanf': This function or variable may be unsafe. Consider using fscanf_s instead. To disable deprecation, use _CRT_SECURE_NO_WARNINGS. See online help for details.
          C:\Program Files (x86)\Microsoft Visual Studio 11.0\VC\include\stdio.h(237) : see declaration of 'fscanf'
Main.c(217): warning C4996: 'fscanf': This function or variable may be unsafe. Consider using fscanf_s instead. To disable deprecation, use _CRT_SECURE_NO_WARNINGS. See online help for details.
          C:\Program Files (x86)\Microsoft Visual Studio 11.0\VC\include\stdio.h(237) : see declaration of 'fscanf'
Main.c(218): warning C4996: 'fscanf': This function or variable may be unsafe. Consider using fscanf_s instead. To disable deprecation, use _CRT_SECURE_NO_WARNINGS. See online help for details.
          C:\Program Files (x86)\Microsoft Visual Studio 11.0\VC\include\stdio.h(237) : see declaration of 'fscanf'
Main.c(221): warning C4996: 'fscanf': This function or variable may be unsafe. Consider using fscanf_s instead. To disable deprecation, use _CRT_SECURE_NO_WARNINGS. See online help for details.
          C:\Program Files (x86)\Microsoft Visual Studio 11.0\VC\include\stdio.h(237) : see declaration of 'fscanf'
Main.c(222): warning C4996: 'fscanf': This function or variable may be unsafe. Consider using fscanf_s instead. To disable deprecation, use _CRT_SECURE_NO_WARNINGS. See online help for details.
          C:\Program Files (x86)\Microsoft Visual Studio 11.0\VC\include\stdio.h(237) : see declaration of 'fscanf'
Main.c(226): warning C4996: 'fscanf': This function or variable may be unsafe. Consider using fscanf_s instead. To disable deprecation, use _CRT_SECURE_NO_WARNINGS. See online help for details.
          C:\Program Files (x86)\Microsoft Visual Studio 11.0\VC\include\stdio.h(237) : see declaration of 'fscanf'
Main.c(227): warning C4996: 'fscanf': This function or variable may be unsafe. Consider using fscanf_s instead. To disable deprecation, use _CRT_SECURE_NO_WARNINGS. See online help for details.
          C:\Program Files (x86)\Microsoft Visual Studio 11.0\VC\include\stdio.h(237) : see declaration of 'fscanf'
Main.c(230): warning C4996: 'fscanf': This function or variable may be unsafe. Consider using fscanf_s instead. To disable deprecation, use _CRT_SECURE_NO_WARNINGS. See online help for details.
          C:\Program Files (x86)\Microsoft Visual Studio 11.0\VC\include\stdio.h(237) : see declaration of 'fscanf'
Main.c(231): warning C4996: 'fscanf': This function or variable may be unsafe. Consider using fscanf_s instead. To disable deprecation, use _CRT_SECURE_NO_WARNINGS. See online help for details.
          C:\Program Files (x86)\Microsoft Visual Studio 11.0\VC\include\stdio.h(237) : see declaration of 'fscanf'
Main.c(234): warning C4996: 'fscanf': This function or variable may be unsafe. Consider using fscanf_s instead. To disable deprecation, use _CRT_SECURE_NO_WARNINGS. See online help for details.
          C:\Program Files (x86)\Microsoft Visual Studio 11.0\VC\include\stdio.h(237) : see declaration of 'fscanf'
Main.c(238): warning C4996: 'fscanf': This function or variable may be unsafe. Consider using fscanf_s instead. To disable deprecation, use _CRT_SECURE_NO_WARNINGS. See online help for details.
          C:\Program Files (x86)\Microsoft Visual Studio 11.0\VC\include\stdio.h(237) : see declaration of 'fscanf'
Main.c(251): warning C4996: 'strset': The POSIX name for this item is deprecated. Instead, use the ISO C++ conformant name: _strset. See online help for details.
Main.c(252): warning C4996: 'strcat': This function or variable may be unsafe. Consider using strcat_s instead. To disable deprecation, use _CRT_SECURE_NO_WARNINGS. See online help for details.
Main.c(253): warning C4996: 'strcat': This function or variable may be unsafe. Consider using strcat_s instead. To disable deprecation, use _CRT_SECURE_NO_WARNINGS. See online help for details.
Main.c(254): warning C4996: 'strcat': This function or variable may be unsafe. Consider using strcat_s instead. To disable deprecation, use _CRT_SECURE_NO_WARNINGS. See online help for details.
Main.c(405): warning C4244: '=' : conversion from 'CALreal' to 'float', possible loss of data
Main.c(410): warning C4244: '=' : conversion from 'CALreal' to 'float', possible loss of data
Main.c(415): warning C4244: '=' : conversion from 'CALreal' to 'float', possible loss of data
Main.c(420): warning C4244: '=' : conversion from 'CALreal' to 'float', possible loss of data
Main.c(425): warning C4244: '=' : conversion from 'CALreal' to 'float', possible loss of data
Main.c(430): warning C4244: '=' : conversion from 'CALreal' to 'float', possible loss of data
Main.c(435): warning C4244: '=' : conversion from 'CALreal' to 'float', possible loss of data
Main.c(440): warning C4244: '=' : conversion from 'CALreal' to 'float', possible loss of data
  MpiGlTest2.c
  MpiGlTest.c
  WaveCA.c
WaveCA.c(32): warning C4101: 'n' : unreferenced local variable
LINK : warning LNK4098: defaultlib 'LIBCMT' conflicts with use of other libs; use /NODEFAULTLIB:library
  Generating code
c:\users\aloisius\documents\visual studio 2012\projects\opencal\opencal\source\cal3d.c(593): warning C4716: 'calApplyElementaryProcess3D' : must return a value
c:\users\aloisius\documents\visual studio 2012\projects\opencal\opencal\source\cal2d.c(658): warning C4716: 'calApplyElementaryProcess2D' : must return a value
  Finished generating code
freeglut_static.lib(freeglut_window.obj) : warning LNK4099: PDB 'vc110.pdb' was not found with 'freeglut_static.lib(freeglut_window.obj)' or at 'C:\Users\Aloisius\Documents\Visual Studio 2012\Projects\MPI_Apps\Release\vc110.pdb'; linking object as if no debug info
freeglut_static.lib(freeglut_init.obj) : warning LNK4099: PDB 'vc110.pdb' was not found with 'freeglut_static.lib(freeglut_init.obj)' or at 'C:\Users\Aloisius\Documents\Visual Studio 2012\Projects\MPI_Apps\Release\vc110.pdb'; linking object as if no debug info
freeglut_static.lib(freeglut_callbacks.obj) : warning LNK4099: PDB 'vc110.pdb' was not found with 'freeglut_static.lib(freeglut_callbacks.obj)' or at 'C:\Users\Aloisius\Documents\Visual Studio 2012\Projects\MPI_Apps\Release\vc110.pdb'; linking object as if no debug info
freeglut_static.lib(freeglut_geometry.obj) : warning LNK4099: PDB 'vc110.pdb' was not found with 'freeglut_static.lib(freeglut_geometry.obj)' or at 'C:\Users\Aloisius\Documents\Visual Studio 2012\Projects\MPI_Apps\Release\vc110.pdb'; linking object as if no debug info
freeglut_static.lib(freeglut_display.obj) : warning LNK4099: PDB 'vc110.pdb' was not found with 'freeglut_static.lib(freeglut_display.obj)' or at 'C:\Users\Aloisius\Documents\Visual Studio 2012\Projects\MPI_Apps\Release\vc110.pdb'; linking object as if no debug info
freeglut_static.lib(freeglut_main.obj) : warning LNK4099: PDB 'vc110.pdb' was not found with 'freeglut_static.lib(freeglut_main.obj)' or at 'C:\Users\Aloisius\Documents\Visual Studio 2012\Projects\MPI_Apps\Release\vc110.pdb'; linking object as if no debug info
freeglut_static.lib(freeglut_font.obj) : warning LNK4099: PDB 'vc110.pdb' was not found with 'freeglut_static.lib(freeglut_font.obj)' or at 'C:\Users\Aloisius\Documents\Visual Studio 2012\Projects\MPI_Apps\Release\vc110.pdb'; linking object as if no debug info
freeglut_static.lib(freeglut_structure.obj) : warning LNK4099: PDB 'vc110.pdb' was not found with 'freeglut_static.lib(freeglut_structure.obj)' or at 'C:\Users\Aloisius\Documents\Visual Studio 2012\Projects\MPI_Apps\Release\vc110.pdb'; linking object as if no debug info
freeglut_static.lib(freeglut_state.obj) : warning LNK4099: PDB 'vc110.pdb' was not found with 'freeglut_static.lib(freeglut_state.obj)' or at 'C:\Users\Aloisius\Documents\Visual Studio 2012\Projects\MPI_Apps\Release\vc110.pdb'; linking object as if no debug info
freeglut_static.lib(freeglut_gamemode.obj) : warning LNK4099: PDB 'vc110.pdb' was not found with 'freeglut_static.lib(freeglut_gamemode.obj)' or at 'C:\Users\Aloisius\Documents\Visual Studio 2012\Projects\MPI_Apps\Release\vc110.pdb'; linking object as if no debug info
freeglut_static.lib(freeglut_input_devices.obj) : warning LNK4099: PDB 'vc110.pdb' was not found with 'freeglut_static.lib(freeglut_input_devices.obj)' or at 'C:\Users\Aloisius\Documents\Visual Studio 2012\Projects\MPI_Apps\Release\vc110.pdb'; linking object as if no debug info
freeglut_static.lib(freeglut_joystick.obj) : warning LNK4099: PDB 'vc110.pdb' was not found with 'freeglut_static.lib(freeglut_joystick.obj)' or at 'C:\Users\Aloisius\Documents\Visual Studio 2012\Projects\MPI_Apps\Release\vc110.pdb'; linking object as if no debug info
freeglut_static.lib(freeglut_spaceball.obj) : warning LNK4099: PDB 'vc110.pdb' was not found with 'freeglut_static.lib(freeglut_spaceball.obj)' or at 'C:\Users\Aloisius\Documents\Visual Studio 2012\Projects\MPI_Apps\Release\vc110.pdb'; linking object as if no debug info
freeglut_static.lib(freeglut_cursor.obj) : warning LNK4099: PDB 'vc110.pdb' was not found with 'freeglut_static.lib(freeglut_cursor.obj)' or at 'C:\Users\Aloisius\Documents\Visual Studio 2012\Projects\MPI_Apps\Release\vc110.pdb'; linking object as if no debug info
freeglut_static.lib(freeglut_menu.obj) : warning LNK4099: PDB 'vc110.pdb' was not found with 'freeglut_static.lib(freeglut_menu.obj)' or at 'C:\Users\Aloisius\Documents\Visual Studio 2012\Projects\MPI_Apps\Release\vc110.pdb'; linking object as if no debug info
freeglut_static.lib(freeglut_font_data.obj) : warning LNK4099: PDB 'vc110.pdb' was not found with 'freeglut_static.lib(freeglut_font_data.obj)' or at 'C:\Users\Aloisius\Documents\Visual Studio 2012\Projects\MPI_Apps\Release\vc110.pdb'; linking object as if no debug info
freeglut_static.lib(freeglut_stroke_roman.obj) : warning LNK4099: PDB 'vc110.pdb' was not found with 'freeglut_static.lib(freeglut_stroke_roman.obj)' or at 'C:\Users\Aloisius\Documents\Visual Studio 2012\Projects\MPI_Apps\Release\vc110.pdb'; linking object as if no debug info
freeglut_static.lib(freeglut_stroke_mono_roman.obj) : warning LNK4099: PDB 'vc110.pdb' was not found with 'freeglut_static.lib(freeglut_stroke_mono_roman.obj)' or at 'C:\Users\Aloisius\Documents\Visual Studio 2012\Projects\MPI_Apps\Release\vc110.pdb'; linking object as if no debug info
  WaveClusterMPI.vcxproj -> C:\Users\Aloisius\Documents\Visual Studio 2012\Projects\MPI_Apps\Release\WaveClusterMPI.exe
